21607
25083
20213
32164
40100
58581
49680
39960
2784
40320
40128
8004
5460
10200
5844
49421
39931
46400
45356
27434
50962
48638
51128
47725
51377
4272
31320
73167
47589
17670
21510
26732
21033
25174
13375
19150
14825
21996
26676
27456
34260
3924
7029
6138
3879
51921
30780
38070
48681
36450
30452
24656
19090
22402
11742
12844
40170
24633
7749
10122
15960
15848
14616
12628
50572
41454
53298
44744
41642
2457
2170
1575
8602
8449
6239
7769
20370
27454
27454
18338
23532
21253
42874
32689
52038
62328
12614
15606
5083
8694
43774
36808
35690
15444
19028
27068
21855
4862
7018
19012
